{"level":"info","message":"Register User: New user registered successfully","timestamp":"2024-07-31 11:36:16"}
{"level":"error","message":"Register User: User already exists with email testuser@example.com","timestamp":"2024-07-31 11:36:31"}
{"level":"info","message":"Register User: New user registered successfully","timestamp":"2024-07-31 11:37:09"}
{"error":{"errors":[{"instance":{"createdAt":"2024-07-31T09:39:43.708Z","email":"Alvin@example.com","id":null,"password":"$2a$10$3TGVw/EmzTX8bJewHmyDAOS8maAeyc2/ylRchk1QqUijdZiZ0Eidy","roleId":1,"updatedAt":"2024-07-31T09:39:43.708Z","username":"testuser"},"message":"username must be unique","origin":"DB","path":"username","type":"unique violation","validatorArgs":[],"validatorKey":"not_unique","validatorName":null,"value":"testuser"}],"fields":{"username":"testuser"},"name":"SequelizeUniqueConstraintError","original":{"code":"23505","constraint":"Users_username_key","detail":"Key (username)=(testuser) already exists.","file":"nbtinsert.c","length":209,"line":"670","name":"error","parameters":["testuser","Alvin@example.com","$2a$10$3TGVw/EmzTX8bJewHmyDAOS8maAeyc2/ylRchk1QqUijdZiZ0Eidy",1,"2024-07-31 09:39:43.708 +00:00","2024-07-31 09:39:43.708 +00:00"],"routine":"_bt_check_unique","schema":"public","severity":"ERROR","sql":"INSERT INTO \"Users\" (\"id\",\"username\",\"email\",\"password\",\"roleId\",\"createdAt\",\"updatedAt\") VALUES (DEFAULT,$1,$2,$3,$4,$5,$6) RETURNING \"id\",\"username\",\"email\",\"password\",\"roleId\",\"createdAt\",\"updatedAt\";","table":"Users"},"parent":{"code":"23505","constraint":"Users_username_key","detail":"Key (username)=(testuser) already exists.","file":"nbtinsert.c","length":209,"line":"670","name":"error","parameters":["testuser","Alvin@example.com","$2a$10$3TGVw/EmzTX8bJewHmyDAOS8maAeyc2/ylRchk1QqUijdZiZ0Eidy",1,"2024-07-31 09:39:43.708 +00:00","2024-07-31 09:39:43.708 +00:00"],"routine":"_bt_check_unique","schema":"public","severity":"ERROR","sql":"INSERT INTO \"Users\" (\"id\",\"username\",\"email\",\"password\",\"roleId\",\"createdAt\",\"updatedAt\") VALUES (DEFAULT,$1,$2,$3,$4,$5,$6) RETURNING \"id\",\"username\",\"email\",\"password\",\"roleId\",\"createdAt\",\"updatedAt\";","table":"Users"},"sql":"INSERT INTO \"Users\" (\"id\",\"username\",\"email\",\"password\",\"roleId\",\"createdAt\",\"updatedAt\") VALUES (DEFAULT,$1,$2,$3,$4,$5,$6) RETURNING \"id\",\"username\",\"email\",\"password\",\"roleId\",\"createdAt\",\"updatedAt\";"},"level":"error","message":"Register User: Error in registering user","timestamp":"2024-07-31 11:39:43"}
{"level":"info","message":"Register User: New user registered successfully","timestamp":"2024-07-31 11:40:09"}
{"level":"info","message":"Register User: New user registered successfully","timestamp":"2024-07-31 11:42:46"}
{"level":"error","message":"Register User: User already exists with email Alvin@example.com","timestamp":"2024-07-31 11:49:01"}
{"level":"error","message":"Register User: User already exists with email Alvin@example.com","timestamp":"2024-07-31 11:49:10"}
{"error":{"errors":[{"instance":{"createdAt":"2024-07-31T09:49:33.685Z","email":"Alvi@example.com","id":null,"password":"$2a$10$zxXnJ4qFzL8k5JMzjhEC2e3XLhZwgXN6H2M6fDdlSvO4Z3IXxbVC.","roleId":1,"updatedAt":"2024-07-31T09:49:33.685Z","username":"ALvin"},"message":"username must be unique","origin":"DB","path":"username","type":"unique violation","validatorArgs":[],"validatorKey":"not_unique","validatorName":null,"value":"ALvin"}],"fields":{"username":"ALvin"},"name":"SequelizeUniqueConstraintError","original":{"code":"23505","constraint":"Users_username_key","detail":"Key (username)=(ALvin) already exists.","file":"nbtinsert.c","length":206,"line":"670","name":"error","parameters":["ALvin","Alvi@example.com","$2a$10$zxXnJ4qFzL8k5JMzjhEC2e3XLhZwgXN6H2M6fDdlSvO4Z3IXxbVC.",1,"2024-07-31 09:49:33.685 +00:00","2024-07-31 09:49:33.685 +00:00"],"routine":"_bt_check_unique","schema":"public","severity":"ERROR","sql":"INSERT INTO \"Users\" (\"id\",\"username\",\"email\",\"password\",\"roleId\",\"createdAt\",\"updatedAt\") VALUES (DEFAULT,$1,$2,$3,$4,$5,$6) RETURNING \"id\",\"username\",\"email\",\"password\",\"roleId\",\"createdAt\",\"updatedAt\";","table":"Users"},"parent":{"code":"23505","constraint":"Users_username_key","detail":"Key (username)=(ALvin) already exists.","file":"nbtinsert.c","length":206,"line":"670","name":"error","parameters":["ALvin","Alvi@example.com","$2a$10$zxXnJ4qFzL8k5JMzjhEC2e3XLhZwgXN6H2M6fDdlSvO4Z3IXxbVC.",1,"2024-07-31 09:49:33.685 +00:00","2024-07-31 09:49:33.685 +00:00"],"routine":"_bt_check_unique","schema":"public","severity":"ERROR","sql":"INSERT INTO \"Users\" (\"id\",\"username\",\"email\",\"password\",\"roleId\",\"createdAt\",\"updatedAt\") VALUES (DEFAULT,$1,$2,$3,$4,$5,$6) RETURNING \"id\",\"username\",\"email\",\"password\",\"roleId\",\"createdAt\",\"updatedAt\";","table":"Users"},"sql":"INSERT INTO \"Users\" (\"id\",\"username\",\"email\",\"password\",\"roleId\",\"createdAt\",\"updatedAt\") VALUES (DEFAULT,$1,$2,$3,$4,$5,$6) RETURNING \"id\",\"username\",\"email\",\"password\",\"roleId\",\"createdAt\",\"updatedAt\";"},"level":"error","message":"Register User: Error in registering user","timestamp":"2024-07-31 11:49:33"}
{"level":"info","message":"Register User: New user registered successfully","timestamp":"2024-07-31 11:50:07"}
{"level":"info","message":"Register User: New user registered successfully","timestamp":"2024-07-31 12:02:01"}
{"level":"info","message":"Register User: New user registered successfully","timestamp":"2024-07-31 12:06:48"}
{"level":"info","message":"Register User: New user registered successfully","timestamp":"2024-07-31 12:21:16"}
{"level":"info","message":"Register User: New user registered successfully","timestamp":"2024-07-31 12:25:52"}
{"level":"info","message":"Register User: New user registered successfully","timestamp":"2024-07-31 12:33:41"}
{"level":"info","message":"Register User: New user registered successfully","timestamp":"2024-07-31 12:41:25"}
{"level":"info","message":"Register User: New user registered successfully","timestamp":"2024-07-31 12:52:58"}
{"level":"info","message":"Login User: User logged in successfully","timestamp":"2024-07-31 12:53:02"}
{"level":"warn","message":"Auth Middleware: No token provided","timestamp":"2024-07-31 13:00:52"}
{"level":"warn","message":"Auth Middleware: No token provided","timestamp":"2024-07-31 13:01:22"}
{"level":"warn","message":"Auth Middleware: User not found for token payload id undefined","timestamp":"2024-07-31 13:03:15"}
{"level":"info","message":"Create Post: Post created successfully","timestamp":"2024-07-31 13:04:43"}
{"error":{"name":"SequelizeEagerLoadingError"},"level":"error","message":"Get Posts: Error in fetching posts","timestamp":"2024-07-31 13:05:09"}
{"error":{"name":"SequelizeEagerLoadingError"},"level":"error","message":"Get Post: Error in fetching post","timestamp":"2024-07-31 13:07:04"}
{"level":"info","message":"Delete Post: Post deleted successfully","timestamp":"2024-07-31 13:07:51"}
{"level":"info","message":"Create Post: Post created successfully","timestamp":"2024-07-31 13:08:44"}
{"level":"warn","message":"Auth Middleware: No token provided","timestamp":"2024-07-31 13:12:49"}
{"level":"info","message":"Register User: New user registered successfully","timestamp":"2024-07-31 13:13:44"}
{"level":"info","message":"Login User: User logged in successfully","timestamp":"2024-07-31 13:13:58"}
{"level":"info","message":"Create Comment: Comment created successfully","timestamp":"2024-07-31 13:14:30"}
